[debug] [2022-09-13T21:55:55.138Z] ----------------------------------------------------------------------
[debug] [2022-09-13T21:55:55.143Z] Command:       C:\Program Files\nodejs\node.exe C:\Users\Edward Budaza\AppData\Roaming\npm\node_modules\firebase-tools\lib\bin\firebase.js login:ci
[debug] [2022-09-13T21:55:55.144Z] CLI Version:   11.9.0
[debug] [2022-09-13T21:55:55.144Z] Platform:      win32
[debug] [2022-09-13T21:55:55.145Z] Node Version:  v16.17.0
[debug] [2022-09-13T21:55:55.146Z] Time:          Tue Sep 13 2022 23:55:55 GMT+0200 (South Africa Standard Time)
[debug] [2022-09-13T21:55:55.147Z] ----------------------------------------------------------------------
[debug] 
[warn] !  Authenticating with a `login:ci` token is deprecated and will be removed in a future major version of `firebase-tools`. Instead, use a service account key with `GOOGLE_APPLICATION_CREDENTIALS`: https://cloud.google.com/docs/authentication/getting-started 
[info] 
[info] Visit this URL on this device to log in:
[info] https://accounts.google.com/o/oauth2/auth?client_id=563584335869-fgrhgmd47bqnekij5i8b5pr03ho849e6.apps.googleusercontent.com&scope=email%20openid%20https%3A%2F%2Fwww.googleapis.com%2Fauth%2Fcloudplatformprojects.readonly%20https%3A%2F%2Fwww.googleapis.com%2Fauth%2Ffirebase%20https%3A%2F%2Fwww.googleapis.com%2Fauth%2Fcloud-platform&response_type=code&state=343948292&redirect_uri=http%3A%2F%2Flocalhost%3A9005
[info] 
[info] Waiting for authentication...
[debug] [2022-09-13T21:55:55.376Z] Error: spawn cmd ENOENT
    at Process.ChildProcess._handle.onexit (node:internal/child_process:283:19)
    at onErrorNT (node:internal/child_process:478:16)
    at processTicksAndRejections (node:internal/process/task_queues:83:21)
[error] 
[error] Error: An unexpected error has occurred.
